This is pdfTeX, Version 3.1415926-1.40.10 (TeX Live 2009/Debian) (format=pdflatex 2014.8.19)  25 SEP 2014 18:34
entering extended mode
 %&-line parsing enabled.
**Thesis_v2.tex
(./Thesis_v2.tex
LaTeX2e <2009/09/24>
Babel <v3.8l> and hyphenation patterns for english, usenglishmax, dumylang, noh
yphenation, farsi, arabic, croatian, bulgarian, ukrainian, russian, czech, slov
ak, danish, dutch, finnish, french, basque, ngerman, german, german-x-2009-06-1
9, ngerman-x-2009-06-19, ibycus, monogreek, greek, ancientgreek, hungarian, san
skrit, italian, latin, latvian, lithuanian, mongolian2a, mongolian, bokmal, nyn
orsk, romanian, irish, coptic, serbian, turkish, welsh, esperanto, uppersorbian
, estonian, indonesian, interlingua, icelandic, kurmanji, slovenian, polish, po
rtuguese, spanish, galician, catalan, swedish, ukenglish, pinyin, loaded.
(/usr/share/texmf-texlive/tex/latex/base/report.cls
Document Class: report 2007/10/19 v1.4h Standard LaTeX document class
(/usr/share/texmf-texlive/tex/latex/base/size11.clo
File: size11.clo 2007/10/19 v1.4h Standard LaTeX file (size option)
)
\c@part=\count79
\c@chapter=\count80
\c@section=\count81
\c@subsection=\count82
\c@subsubsection=\count83
\c@paragraph=\count84
\c@subparagraph=\count85
\c@figure=\count86
\c@table=\count87
\abovecaptionskip=\skip41
\belowcaptionskip=\skip42
\bibindent=\dimen102
)
(/usr/share/texmf-texlive/tex/latex/graphics/graphicx.sty
Package: graphicx 1999/02/16 v1.0f Enhanced LaTeX Graphics (DPC,SPQR)

(/usr/share/texmf-texlive/tex/latex/graphics/keyval.sty
Package: keyval 1999/03/16 v1.13 key=value parser (DPC)
\KV@toks@=\toks14
)
(/usr/share/texmf-texlive/tex/latex/graphics/graphics.sty
Package: graphics 2009/02/05 v1.0o Standard LaTeX Graphics (DPC,SPQR)

(/usr/share/texmf-texlive/tex/latex/graphics/trig.sty
Package: trig 1999/03/16 v1.09 sin cos tan (DPC)
)
(/etc/texmf/tex/latex/config/graphics.cfg
File: graphics.cfg 2009/08/28 v1.8 graphics configuration of TeX Live
)
Package graphics Info: Driver file: pdftex.def on input line 91.

(/usr/share/texmf-texlive/tex/latex/pdftex-def/pdftex.def
File: pdftex.def 2010/03/12 v0.04p Graphics/color for pdfTeX
\Gread@gobject=\count88
))
\Gin@req@height=\dimen103
\Gin@req@width=\dimen104
) (./Thesis_v2.aux)
\openout1 = `Thesis_v2.aux'.

LaTeX Font Info:    Checking defaults for OML/cmm/m/it on input line 11.
LaTeX Font Info:    ... okay on input line 11.
LaTeX Font Info:    Checking defaults for T1/cmr/m/n on input line 11.
LaTeX Font Info:    ... okay on input line 11.
LaTeX Font Info:    Checking defaults for OT1/cmr/m/n on input line 11.
LaTeX Font Info:    ... okay on input line 11.
LaTeX Font Info:    Checking defaults for OMS/cmsy/m/n on input line 11.
LaTeX Font Info:    ... okay on input line 11.
LaTeX Font Info:    Checking defaults for OMX/cmex/m/n on input line 11.
LaTeX Font Info:    ... okay on input line 11.
LaTeX Font Info:    Checking defaults for U/cmr/m/n on input line 11.
LaTeX Font Info:    ... okay on input line 11.

(/usr/share/texmf-texlive/tex/context/base/supp-pdf.mkii
[Loading MPS to PDF converter (version 2006.09.02).]
\scratchcounter=\count89
\scratchdimen=\dimen105
\scratchbox=\box26
\nofMPsegments=\count90
\nofMParguments=\count91
\everyMPshowfont=\toks15
\MPscratchCnt=\count92
\MPscratchDim=\dimen106
\MPnumerator=\count93
\everyMPtoPDFconversion=\toks16
)
LaTeX Font Info:    External font `cmex10' loaded for size
(Font)              <12> on input line 12.
LaTeX Font Info:    External font `cmex10' loaded for size
(Font)              <8> on input line 12.
LaTeX Font Info:    External font `cmex10' loaded for size
(Font)              <6> on input line 12.
 [1

{/var/lib/texmf/fonts/map/pdftex/updmap/pdftex.map}]
Overfull \hbox (17.16708pt too wide) in paragraph at lines 55--56
\OT1/cmr/m/n/10.95 coordination/internet-governance/internet-technical-communit
y/the-rir-system
 []

[1] <IR-structure-diagram.png, id=11, 690.58pt x 341.275pt>
File: IR-structure-diagram.png Graphic file (type png)

<use IR-structure-diagram.png> [2 <./IR-structure-diagram.png>]
<RIR.jpeg, id=17, 770.88pt x 464.73625pt>
File: RIR.jpeg Graphic file (type jpg)
 <use RIR.jpeg>
Overfull \hbox (14.94669pt too wide) in paragraph at lines 78--79
\OT1/cmr/m/n/10.95 from http://www.ripe.net/internet-coordination/internet-gove
rnance/internet-
 []


Overfull \hbox (35.9342pt too wide) in paragraph at lines 78--79
\OT1/cmr/m/n/10.95 technical-community/the-rir-system and http://www.ripe.net/l
ir-services/resource-
 []


Overfull \hbox (52.8734pt too wide) in paragraph at lines 85--86
[]\OT1/cmr/m/n/10.95 from http://meetings.ripe.net/ripe-42/presentations/ripe42
-lir-rfc2050/sld002.html
 []

[3 <./RIR.jpeg>] [4] [5]
<bgpAdvertisement.png, id=27, 622.325pt x 306.14375pt>
File: bgpAdvertisement.png Graphic file (type png)

<use bgpAdvertisement.png>
<bgpMaliciousAdvertisement.png, id=28, 602.25pt x 306.14375pt>
File: bgpMaliciousAdvertisement.png Graphic file (type png)

<use bgpMaliciousAdvertisement.png>

LaTeX Warning: `!h' float specifier changed to `!ht'.

[6 <./bgpAdvertisement.png (PNG copy)>]
<bgpDeaggregationAdvertisement.png, id=33, 602.25pt x 306.14375pt>
File: bgpDeaggregationAdvertisement.png Graphic file (type png)

<use bgpDeaggregationAdvertisement.png>

LaTeX Warning: `!h' float specifier changed to `!ht'.

[7 <./bgpMaliciousAdvertisement.png (PNG copy)>] [8 <./bgpDeaggregationAdvertis
ement.png (PNG copy)>] [9]
Overfull \hbox (99.07936pt too wide) in paragraph at lines 180--181
\OT1/cmr/m/n/10.95 http://www.nanog.org/meetings/nanog51/presentations/Sunday/N
ANOG51.Talk34.NANOG51 
 []


Overfull \hbox (188.44069pt too wide) in paragraph at lines 182--188
[]\OT1/cmr/m/n/10.95 from http://www.nsfnet-legacy.org/about.php http://www.nsf
.gov/about/history/nsf0050/internet/launch.htm
 []


Overfull \hbox (7.06877pt too wide) in paragraph at lines 182--188
\OT1/cmr/m/n/10.95 http://www.hernandocadett.com/content/stability-and-consiste
ncy-internet-
 []


Overfull \hbox (30.34363pt too wide) in paragraph at lines 182--188
\OT1/cmr/m/n/10.95 wide-network-routing https://www.nsf.gov/news/news[]summ.jsp
?cntn[]id=103050
 []


Overfull \hbox (143.65808pt too wide) in paragraph at lines 182--188
\OT1/cmr/m/n/10.95 http://www.merit.edu/research/nsfnet[]article.php http://www
.merit.edu/services/meritradb/history.php 
 []

<nsfnet_topology.png, id=43, 578.16pt x 333.245pt>
File: nsfnet_topology.png Graphic file (type png)
 <use nsfnet_topology.png>

LaTeX Warning: `!h' float specifier changed to `!ht'.

[10] [11 <./nsfnet_topology.png (PNG copy)>]
LaTeX Font Info:    External font `cmex10' loaded for size
(Font)              <10.95> on input line 222.
 [12]
Overfull \hbox (277.50491pt too wide) in paragraph at lines 247--286
 [][] 
 []


LaTeX Warning: `!h' float specifier changed to `!ht'.


LaTeX Warning: `!h' float specifier changed to `!ht'.

[13]

LaTeX Warning: Text page 14 contains only floats.

[14]
Overfull \hbox (277.20073pt too wide) in paragraph at lines 329--355
 [][] 
 []

[15] [16] <ipv4inRir.png, id=67, 1075.1367pt x 725.109pt>
File: ipv4inRir.png Graphic file (type png)
 <use ipv4inRir.png>

LaTeX Warning: `!h' float specifier changed to `!ht'.

[17]
Overfull \hbox (77.39212pt too wide) in paragraph at lines 427--428
\OT1/cmr/m/n/10.95 the Re-gional In-ter-net Ad-dress Reg-istries http://www.int
ernetgovernance.org/wordpress/wp-
 []

[18 <./ipv4inRir.png (PNG copy)>]
Overfull \hbox (204.65561pt too wide) in paragraph at lines 431--432
\OT1/cmr/m/n/10.95 IPv4 Num-ber Mar-ket http://www.internetgovernance.org/wordp
ress/wp-content/uploads/IPv4marketTPRC20122.pdf 
 []

[19] [20] <peers1.pdf, id=81, 1084.05pt x 722.7pt>
File: peers1.pdf Graphic file (type pdf)
 <use peers1.pdf>
Overfull \hbox (73.61232pt too wide) in paragraph at lines 496--497
 [][] 
 []


LaTeX Warning: `!h' float specifier changed to `!ht'.

<peers2.pdf, id=82, 1084.05pt x 722.7pt>
File: peers2.pdf Graphic file (type pdf)
 <use peers2.pdf>
Overfull \hbox (73.61232pt too wide) in paragraph at lines 503--504
 [][] 
 []


LaTeX Warning: `!h' float specifier changed to `!ht'.

<comparePrefixes.pdf, id=83, 1084.05pt x 722.7pt>
File: comparePrefixes.pdf Graphic file (type pdf)
 <use comparePrefixes.pdf>
Overfull \hbox (73.61232pt too wide) in paragraph at lines 510--511
 [][] 
 []


LaTeX Warning: `!h' float specifier changed to `!ht'.

<comparePrefixes_24.pdf, id=84, 1084.05pt x 722.7pt>
File: comparePrefixes_24.pdf Graphic file (type pdf)

<use comparePrefixes_24.pdf>
Overfull \hbox (73.61232pt too wide) in paragraph at lines 517--518
 [][] 
 []


LaTeX Warning: `!h' float specifier changed to `!ht'.

<compareAggregation.pdf, id=85, 1084.05pt x 722.7pt>
File: compareAggregation.pdf Graphic file (type pdf)

<use compareAggregation.pdf>
Overfull \hbox (73.61232pt too wide) in paragraph at lines 524--525
 [][] 
 []


LaTeX Warning: `!h' float specifier changed to `!ht'.

<compareAggregation_24.pdf, id=86, 1084.05pt x 722.7pt>
File: compareAggregation_24.pdf Graphic file (type pdf)

<use compareAggregation_24.pdf>
Overfull \hbox (73.61232pt too wide) in paragraph at lines 531--532
 [][] 
 []


LaTeX Warning: `!h' float specifier changed to `!ht'.

<compareAggregationCycles.pdf, id=87, 1084.05pt x 722.7pt>
File: compareAggregationCycles.pdf Graphic file (type pdf)

<use compareAggregationCycles.pdf>
Overfull \hbox (73.61232pt too wide) in paragraph at lines 538--539
 [][] 
 []


LaTeX Warning: `!h' float specifier changed to `!ht'.

<compareAggregationCycles_24.pdf, id=88, 1084.05pt x 722.7pt>
File: compareAggregationCycles_24.pdf Graphic file (type pdf)

<use compareAggregationCycles_24.pdf>
Overfull \hbox (73.61232pt too wide) in paragraph at lines 545--546
 [][] 
 []


LaTeX Warning: `!h' float specifier changed to `!ht'.

[21] [22 <./peers1.pdf>] [23 <./peers2.pdf>] [24 <./comparePrefixes.pdf>]
[25 <./comparePrefixes_24.pdf>] [26 <./compareAggregation.pdf>] [27 <./compareA
ggregation_24.pdf>] [28 <./compareAggregationCycles.pdf>] [29 <./compareAggrega
tionCycles_24.pdf>]
Underfull \hbox (badness 10000) in paragraph at lines 562--566
[]\OT1/cmr/m/n/10.95 Rensys Blog, \OT1/cmr/m/it/10.95 Pak-istan Hi-jacks YouTub
e\OT1/cmr/m/n/10.95 . [On-line]. Avail-
 []


Underfull \hbox (badness 10000) in paragraph at lines 562--566
\OT1/cmr/m/n/10.95 able: http://www.renesys.com/blog/2008/02/pakistan[]hijacks[
]
 []

Missing character: There is no Ã in font cmr10!
Missing character: There is no ¼ in font cmr10!

Underfull \hbox (badness 3250) in paragraph at lines 578--581
[]\OT1/cmr/m/n/10.95 IANA, \OT1/cmr/m/it/10.95 IANA IPv4 Ad-dress Space Reg-ist
ry\OT1/cmr/m/n/10.95 . [On-line]. Avail-
 []


Underfull \hbox (badness 1748) in paragraph at lines 578--581
\OT1/cmr/m/n/10.95 able: http://www.iana.org/assignments/ipv4-address-space/ipv
4-
 []


Underfull \hbox (badness 10000) in paragraph at lines 583--586
[]\OT1/cmr/m/n/10.95 G. Hus-ton, \OT1/cmr/m/it/10.95 IPv4 Ad-dress Re-port\OT1/
cmr/m/n/10.95 . [On-line]. Avail-able:
 []

[30

] [31] (./Thesis_v2.aux)

LaTeX Warning: Label(s) may have changed. Rerun to get cross-references right.

 ) 
Here is how much of TeX's memory you used:
 1043 strings out of 493848
 14021 string characters out of 1152823
 69194 words of memory out of 3000000
 4350 multiletter control sequences out of 15000+50000
 10070 words of font info for 35 fonts, out of 3000000 for 9000
 714 hyphenation exceptions out of 8191
 25i,7n,19p,1370b,201s stack positions out of 5000i,500n,10000p,200000b,50000s
</usr/share/texmf-texlive/fonts/type1/public/amsfonts/cm/cmbx10.pfb></usr/sha
re/texmf-texlive/fonts/type1/public/amsfonts/cm/cmbx12.pfb></usr/share/texmf-te
xlive/fonts/type1/public/amsfonts/cm/cmr10.pfb></usr/share/texmf-texlive/fonts/
type1/public/amsfonts/cm/cmr12.pfb></usr/share/texmf-texlive/fonts/type1/public
/amsfonts/cm/cmti10.pfb>
Output written on Thesis_v2.pdf (32 pages, 492211 bytes).
PDF statistics:
 190 PDF objects out of 1000 (max. 8388607)
 0 named destinations out of 1000 (max. 500000)
 76 words of extra memory for PDF output out of 10000 (max. 10000000)

