This is pdfTeX, Version 3.1415926-1.40.10 (TeX Live 2009/Debian) (format=pdflatex 2014.8.19)  29 AUG 2014 08:07
entering extended mode
 %&-line parsing enabled.
**Thesis.tex
(./Thesis.tex
LaTeX2e <2009/09/24>
Babel <v3.8l> and hyphenation patterns for english, usenglishmax, dumylang, noh
yphenation, farsi, arabic, croatian, bulgarian, ukrainian, russian, czech, slov
ak, danish, dutch, finnish, french, basque, ngerman, german, german-x-2009-06-1
9, ngerman-x-2009-06-19, ibycus, monogreek, greek, ancientgreek, hungarian, san
skrit, italian, latin, latvian, lithuanian, mongolian2a, mongolian, bokmal, nyn
orsk, romanian, irish, coptic, serbian, turkish, welsh, esperanto, uppersorbian
, estonian, indonesian, interlingua, icelandic, kurmanji, slovenian, polish, po
rtuguese, spanish, galician, catalan, swedish, ukenglish, pinyin, loaded.
(/usr/share/texmf-texlive/tex/latex/base/report.cls
Document Class: report 2007/10/19 v1.4h Standard LaTeX document class
(/usr/share/texmf-texlive/tex/latex/base/size11.clo
File: size11.clo 2007/10/19 v1.4h Standard LaTeX file (size option)
)
\c@part=\count79
\c@chapter=\count80
\c@section=\count81
\c@subsection=\count82
\c@subsubsection=\count83
\c@paragraph=\count84
\c@subparagraph=\count85
\c@figure=\count86
\c@table=\count87
\abovecaptionskip=\skip41
\belowcaptionskip=\skip42
\bibindent=\dimen102
)
(/usr/share/texmf-texlive/tex/latex/graphics/graphicx.sty
Package: graphicx 1999/02/16 v1.0f Enhanced LaTeX Graphics (DPC,SPQR)

(/usr/share/texmf-texlive/tex/latex/graphics/keyval.sty
Package: keyval 1999/03/16 v1.13 key=value parser (DPC)
\KV@toks@=\toks14
)
(/usr/share/texmf-texlive/tex/latex/graphics/graphics.sty
Package: graphics 2009/02/05 v1.0o Standard LaTeX Graphics (DPC,SPQR)

(/usr/share/texmf-texlive/tex/latex/graphics/trig.sty
Package: trig 1999/03/16 v1.09 sin cos tan (DPC)
)
(/etc/texmf/tex/latex/config/graphics.cfg
File: graphics.cfg 2009/08/28 v1.8 graphics configuration of TeX Live
)
Package graphics Info: Driver file: pdftex.def on input line 91.

(/usr/share/texmf-texlive/tex/latex/pdftex-def/pdftex.def
File: pdftex.def 2010/03/12 v0.04p Graphics/color for pdfTeX
\Gread@gobject=\count88
))
\Gin@req@height=\dimen103
\Gin@req@width=\dimen104
) (./Thesis.aux)
\openout1 = `Thesis.aux'.

LaTeX Font Info:    Checking defaults for OML/cmm/m/it on input line 11.
LaTeX Font Info:    ... okay on input line 11.
LaTeX Font Info:    Checking defaults for T1/cmr/m/n on input line 11.
LaTeX Font Info:    ... okay on input line 11.
LaTeX Font Info:    Checking defaults for OT1/cmr/m/n on input line 11.
LaTeX Font Info:    ... okay on input line 11.
LaTeX Font Info:    Checking defaults for OMS/cmsy/m/n on input line 11.
LaTeX Font Info:    ... okay on input line 11.
LaTeX Font Info:    Checking defaults for OMX/cmex/m/n on input line 11.
LaTeX Font Info:    ... okay on input line 11.
LaTeX Font Info:    Checking defaults for U/cmr/m/n on input line 11.
LaTeX Font Info:    ... okay on input line 11.

(/usr/share/texmf-texlive/tex/context/base/supp-pdf.mkii
[Loading MPS to PDF converter (version 2006.09.02).]
\scratchcounter=\count89
\scratchdimen=\dimen105
\scratchbox=\box26
\nofMPsegments=\count90
\nofMParguments=\count91
\everyMPshowfont=\toks15
\MPscratchCnt=\count92
\MPscratchDim=\dimen106
\MPnumerator=\count93
\everyMPtoPDFconversion=\toks16
)
LaTeX Font Info:    External font `cmex10' loaded for size
(Font)              <12> on input line 12.
LaTeX Font Info:    External font `cmex10' loaded for size
(Font)              <8> on input line 12.
LaTeX Font Info:    External font `cmex10' loaded for size
(Font)              <6> on input line 12.
 [1

{/var/lib/texmf/fonts/map/pdftex/updmap/pdftex.map}]
Overfull \hbox (83.62643pt too wide) in paragraph at lines 36--37
\OT1/cmr/m/n/10.95 The In-ter-net Reg-istry Sys-tem and IANA http://www.ripe.ne
t/internet-coordination/internet-
 []


Overfull \hbox (82.9888pt too wide) in paragraph at lines 36--37
\OT1/cmr/m/n/10.95 governance/internet-technical-community/the-rir-system and h
ttps://www.iana.org/numbers 
 []

<IR-structure-diagram.png, id=7, 690.58pt x 341.275pt>
File: IR-structure-diagram.png Graphic file (type png)

<use IR-structure-diagram.png>

LaTeX Warning: `!h' float specifier changed to `!ht'.

[1] <RIR.jpeg, id=13, 770.88pt x 464.73625pt>
File: RIR.jpeg Graphic file (type jpg)
 <use RIR.jpeg> [2 <./IR-structure-diagram.png> <./RIR.jpeg>]
Overfull \hbox (14.94669pt too wide) in paragraph at lines 59--60
\OT1/cmr/m/n/10.95 from http://www.ripe.net/internet-coordination/internet-gove
rnance/internet-
 []


Overfull \hbox (35.9342pt too wide) in paragraph at lines 59--60
\OT1/cmr/m/n/10.95 technical-community/the-rir-system and http://www.ripe.net/l
ir-services/resource-
 []


Overfull \hbox (52.8734pt too wide) in paragraph at lines 66--67
[]\OT1/cmr/m/n/10.95 from http://meetings.ripe.net/ripe-42/presentations/ripe42
-lir-rfc2050/sld002.html
 []

[3] [4] <bgpAdvertisement.png, id=24, 622.325pt x 306.14375pt>
File: bgpAdvertisement.png Graphic file (type png)

<use bgpAdvertisement.png>

LaTeX Warning: `!h' float specifier changed to `!ht'.

[5] <bgpMaliciousAdvertisement.png, id=28, 602.25pt x 306.14375pt>
File: bgpMaliciousAdvertisement.png Graphic file (type png)

<use bgpMaliciousAdvertisement.png> [6 <./bgpAdvertisement.png (PNG copy)> <./b
gpMaliciousAdvertisement.png (PNG copy)>]
<bgpDeaggregationAdvertisement.png, id=33, 602.25pt x 306.14375pt>
File: bgpDeaggregationAdvertisement.png Graphic file (type png)

<use bgpDeaggregationAdvertisement.png> [7 <./bgpDeaggregationAdvertisement.png
 (PNG copy)>] [8]
Overfull \hbox (99.07936pt too wide) in paragraph at lines 161--162
\OT1/cmr/m/n/10.95 http://www.nanog.org/meetings/nanog51/presentations/Sunday/N
ANOG51.Talk34.NANOG51 
 []


Overfull \hbox (188.44069pt too wide) in paragraph at lines 163--169
[]\OT1/cmr/m/n/10.95 from http://www.nsfnet-legacy.org/about.php http://www.nsf
.gov/about/history/nsf0050/internet/launch.htm
 []


Overfull \hbox (7.06877pt too wide) in paragraph at lines 163--169
\OT1/cmr/m/n/10.95 http://www.hernandocadett.com/content/stability-and-consiste
ncy-internet-
 []


Overfull \hbox (30.34363pt too wide) in paragraph at lines 163--169
\OT1/cmr/m/n/10.95 wide-network-routing https://www.nsf.gov/news/news[]summ.jsp
?cntn[]id=103050
 []


Overfull \hbox (143.65808pt too wide) in paragraph at lines 163--169
\OT1/cmr/m/n/10.95 http://www.merit.edu/research/nsfnet[]article.php http://www
.merit.edu/services/meritradb/history.php 
 []

[9] <nsfnet_topology.png, id=43, 578.16pt x 333.245pt>
File: nsfnet_topology.png Graphic file (type png)

<use nsfnet_topology.png> [10 <./nsfnet_topology.png (PNG copy)>] [11]
LaTeX Font Info:    External font `cmex10' loaded for size
(Font)              <10.95> on input line 203.

Overfull \hbox (277.50491pt too wide) in paragraph at lines 228--267
 [][] 
 []


LaTeX Warning: `!h' float specifier changed to `!ht'.

[12]

LaTeX Warning: Text page 13 contains only floats.

[13]
Overfull \hbox (277.20073pt too wide) in paragraph at lines 310--336
 [][] 
 []


LaTeX Warning: `!h' float specifier changed to `!ht'.

[14] [15] [16] [17]
Overfull \hbox (168.03401pt too wide) in paragraph at lines 467--469
\OT1/cmr/m/n/10.95 2013) Source: Re-gional In-ter-net Reg-istries Ex-tended Sta
tis-tics Re-ports (www.nro.net/pub/stats/nro/delegated-
 []

[18] [19]
Overfull \hbox (77.39212pt too wide) in paragraph at lines 540--541
\OT1/cmr/m/n/10.95 the Re-gional In-ter-net Ad-dress Reg-istries http://www.int
ernetgovernance.org/wordpress/wp-
 []

[20]
Missing character: There is no ‚ in font cmr10!
Missing character: There is no Ä in font cmr10!
Missing character: There is no ¢ in font cmr10!
Missing character: There is no ‚ in font cmr10!
Missing character: There is no Ä in font cmr10!
Missing character: There is no ¢ in font cmr10!
Missing character: There is no ‚ in font cmr10!
Missing character: There is no Ä in font cmr10!
Missing character: There is no ¢ in font cmr10!
Missing character: There is no ‚ in font cmr10!
Missing character: There is no Ä in font cmr10!
Missing character: There is no ¢ in font cmr10!
Missing character: There is no ‚ in font cmr10!
Missing character: There is no Ä in font cmr10!
Missing character: There is no ¢ in font cmr10!
Missing character: There is no ‚ in font cmr10!
Missing character: There is no Ä in font cmr10!
Missing character: There is no ô in font cmr10!

Overfull \hbox (204.65561pt too wide) in paragraph at lines 580--581
\OT1/cmr/m/n/10.95 IPv4 Num-ber Mar-ket http://www.internetgovernance.org/wordp
ress/wp-content/uploads/IPv4marketTPRC20122.pdf 
 []

Missing character: There is no ‚ in font cmr10!
Missing character: There is no Ä in font cmr10!
Missing character: There is no ô in font cmr10!
Missing character: There is no ‚ in font cmr10!
Missing character: There is no Ä in font cmr10!
Missing character: There is no ú in font cmr10!
Missing character: There is no ‚ in font cmr10!
Missing character: There is no Ä in font cmr10!
Missing character: There is no ô in font cmr10!
Missing character: There is no ‚ in font cmr10!
Missing character: There is no Ä in font cmr10!
Missing character: There is no ú in font cmr10!
Missing character: There is no ‚ in font cmr10!
Missing character: There is no Ä in font cmr10!
Missing character: There is no ù in font cmr10!
[21] [22]
Underfull \hbox (badness 10000) in paragraph at lines 615--619
[]\OT1/cmr/m/n/10.95 Rensys Blog, \OT1/cmr/m/it/10.95 Pak-istan Hi-jacks YouTub
e\OT1/cmr/m/n/10.95 . [On-line]. Avail-
 []


Underfull \hbox (badness 10000) in paragraph at lines 615--619
\OT1/cmr/m/n/10.95 able: http://www.renesys.com/blog/2008/02/pakistan[]hijacks[
]
 []

Missing character: There is no √ in font cmr10!
Missing character: There is no º in font cmr10!

Underfull \hbox (badness 3250) in paragraph at lines 626--629
[]\OT1/cmr/m/n/10.95 IANA, \OT1/cmr/m/it/10.95 IANA IPv4 Ad-dress Space Reg-ist
ry\OT1/cmr/m/n/10.95 . [On-line]. Avail-
 []


Underfull \hbox (badness 1748) in paragraph at lines 626--629
\OT1/cmr/m/n/10.95 able: http://www.iana.org/assignments/ipv4-address-space/ipv
4-
 []

[23

] (./Thesis.aux)

LaTeX Warning: Label(s) may have changed. Rerun to get cross-references right.

 ) 
Here is how much of TeX's memory you used:
 984 strings out of 493848
 12660 string characters out of 1152823
 70102 words of memory out of 3000000
 4300 multiletter control sequences out of 15000+50000
 10070 words of font info for 35 fonts, out of 3000000 for 9000
 714 hyphenation exceptions out of 8191
 25i,7n,19p,1367b,201s stack positions out of 5000i,500n,10000p,200000b,50000s
</usr/share/texmf-texlive/fonts/type1/public/amsfonts/cm/cmbx10.pfb></usr/sha
re/texmf-texlive/fonts/type1/public/amsfonts/cm/cmbx12.pfb></usr/share/texmf-te
xlive/fonts/type1/public/amsfonts/cm/cmr10.pfb></usr/share/texmf-texlive/fonts/
type1/public/amsfonts/cm/cmr12.pfb></usr/share/texmf-texlive/fonts/type1/public
/amsfonts/cm/cmti10.pfb>
Output written on Thesis.pdf (24 pages, 319170 bytes).
PDF statistics:
 107 PDF objects out of 1000 (max. 8388607)
 0 named destinations out of 1000 (max. 500000)
 31 words of extra memory for PDF output out of 10000 (max. 10000000)

